<?xml version="1.0" encoding="UTF-8"?>
<!-- Generated by org.testng.reporters.JUnitReportReporter -->
<testsuite hostname="cecilys-MBP" failures="0" tests="5" name="UserAPIGetTest" time="2.036" errors="0" timestamp="21 Nov 2023 06:14:49 GMT">
  <testcase classname="UserAPIGetTest" name="testWithBlankId" time="0.581"/>
  <testcase classname="UserAPIGetTest" name="testWithCreateUser" time="0.498"/>
  <testcase classname="UserAPIGetTest" name="testWithNonExistingtUserId" time="0.431"/>
  <testcase classname="UserAPIGetTest" name="testWithSpecialChar" time="0.417"/>
  <testcase classname="UserAPIGetTest" name="testWithCorrectUserId" time="0.109"/>
</testsuite> <!-- UserAPIGetTest -->
