<?xml version="1.0" encoding="UTF-8"?>
<!-- Generated by org.testng.reporters.JUnitReportReporter -->
<testsuite hostname="cecilys-MBP" failures="0" tests="1" name="userAPITest.UserApiPutTest$UserApiGetTest" time="0.057" errors="0" timestamp="2 Dec 2023 02:50:10 GMT">
  <testcase classname="userAPITest.UserApiPutTest$UserApiGetTest" name="testWithCorrectUserId" time="0.057"/>
</testsuite> <!-- userAPITest.UserApiPutTest$UserApiGetTest -->
