<?xml version="1.0" encoding="UTF-8"?>
<!-- Generated by org.testng.reporters.JUnitReportReporter -->
<testsuite hostname="cecilys-MBP" failures="0" tests="4" name="UserApachePOITests" time="4.159" errors="0" timestamp="28 Nov 2023 18:53:04 GMT">
  <testcase classname="UserApachePOITests" name="testWithCorrectUserId" time="0.927"/>
  <testcase classname="UserApachePOITests" name="testWithCorrectUserId" time="1.346"/>
  <testcase classname="UserApachePOITests" name="testWithNonExistingtUserId" time="0.875"/>
  <testcase classname="UserApachePOITests" name="testWithNonExistingtUserId" time="1.011"/>
</testsuite> <!-- UserApachePOITests -->
