<?xml version="1.0" encoding="UTF-8"?>
<!-- Generated by org.testng.reporters.JUnitReportReporter -->
<testsuite hostname="cecilys-MBP" failures="0" tests="1" name="userAPITest.UserApiGetTest" time="1.755" errors="0" timestamp="30 Nov 2023 06:19:28 GMT">
  <testcase classname="userAPITest.UserApiGetTest" name="testWithCorrectUserId" time="1.755"/>
</testsuite> <!-- userAPITest.UserApiGetTest -->
