<?xml version="1.0" encoding="UTF-8"?>
<!-- Generated by org.testng.reporters.JUnitReportReporter -->
<testsuite hostname="cecilys-MBP" failures="0" tests="1" name="userAPITest.UserApiPostTest" time="1.565" errors="0" timestamp="30 Nov 2023 18:44:56 GMT">
  <testcase classname="userAPITest.UserApiPostTest" name="testWithCreateUser" time="1.565"/>
</testsuite> <!-- userAPITest.UserApiPostTest -->
