<?xml version="1.0" encoding="UTF-8"?>
<!-- Generated by org.testng.reporters.JUnitReportReporter -->
<testsuite hostname="cecilys-MBP" failures="0" tests="8" name="UserAPIGetTest" time="6.170" errors="0" timestamp="23 Nov 2023 03:51:06 GMT">
  <testcase classname="UserAPIGetTest" name="testWithCorrectUserId" time="0.870"/>
  <testcase classname="UserAPIGetTest" name="testWithNonExistingtUserId" time="0.881"/>
  <testcase classname="UserAPIGetTest" name="testWithCorrectUserId" time="0.442"/>
  <testcase classname="UserAPIGetTest" name="testWithCorrectUserId" time="0.426"/>
  <testcase classname="UserAPIGetTest" name="testWithSpecialChar" time="0.872"/>
  <testcase classname="UserAPIGetTest" name="testWithBlankId" time="1.329"/>
  <testcase classname="UserAPIGetTest" name="testWithCorrectUserId" time="0.404"/>
  <testcase classname="UserAPIGetTest" name="testWithCreateUser" time="0.946"/>
</testsuite> <!-- UserAPIGetTest -->
