<?xml version="1.0" encoding="UTF-8"?>
<!-- Generated by org.testng.reporters.JUnitReportReporter -->
<testsuite hostname="cecilys-MBP" failures="0" tests="1" name="userAPITest.UserApiDeleteTest" time="2.556" errors="0" timestamp="2 Dec 2023 05:24:38 GMT">
  <testcase classname="userAPITest.UserApiDeleteTest" name="testWithDeleteUser" time="2.556"/>
</testsuite> <!-- userAPITest.UserApiDeleteTest -->
