<?xml version="1.0" encoding="UTF-8"?>
<!-- Generated by org.testng.reporters.JUnitReportReporter -->
<testsuite hostname="cecilys-MBP" failures="0" tests="1" name="userAPITest.UserApiPutTest" time="2.153" errors="0" timestamp="2 Dec 2023 04:50:31 GMT">
  <testcase classname="userAPITest.UserApiPutTest" name="testWithUpdateUser" time="2.153"/>
</testsuite> <!-- userAPITest.UserApiPutTest -->
